[debug] [2022-10-31T10:34:34.452Z] ----------------------------------------------------------------------
[debug] [2022-10-31T10:34:34.454Z] Command:       D:\APPs\node.exe C:\Users\Bunlong\AppData\Roaming\npm\node_modules\firebase-tools\lib\bin\firebase.js init
[debug] [2022-10-31T10:34:34.454Z] CLI Version:   11.15.0
[debug] [2022-10-31T10:34:34.454Z] Platform:      win32
[debug] [2022-10-31T10:34:34.455Z] Node Version:  v16.17.1
[debug] [2022-10-31T10:34:34.455Z] Time:          Mon Oct 31 2022 17:34:34 GMT+0700 (Indochina Time)
[debug] [2022-10-31T10:34:34.456Z] ----------------------------------------------------------------------
[debug] 
[debug] [2022-10-31T10:34:34.532Z] > command requires scopes: ["email","openid","https://www.googleapis.com/auth/cloudplatformprojects.readonly","https://www.googleapis.com/auth/firebase","https://www.googleapis.com/auth/cloud-platform"]
[debug] [2022-10-31T10:34:34.533Z] > authorizing via signed-in user (suonbunlong93@gmail.com)
[info] 
     ######## #### ########  ######## ########     ###     ######  ########
     ##        ##  ##     ## ##       ##     ##  ##   ##  ##       ##
     ######    ##  ########  ######   ########  #########  ######  ######
     ##        ##  ##    ##  ##       ##     ## ##     ##       ## ##
     ##       #### ##     ## ######## ########  ##     ##  ######  ########

You're about to initialize a Firebase project in this directory:

  D:\Work\self learn\nextjs\ecoomstore

Before we get started, keep in mind:

  * You are initializing within an existing Firebase project directory

